1.3032857179641724,1
0.957533597946167,1
1.450131893157959,1
1.5525916814804077,1
1.4844475984573364,1
0.7772821187973022,1
2.2849013805389404,1
0.8265025019645691,1
2.1233229637145996,1
1.5355969667434692,1
0.5121437311172485,1
1.2568395137786865,1
1.4888646602630615,1
1.4743221998214722,1
0.8953834772109985,1
2.182893991470337,1
1.556727647781372,1
1.0783790349960327,1
1.6417089700698853,1
0.32919782400131226,1
0.6969475746154785,1
0.8577843904495239,1
1.52712082862854,1
0.5410621166229248,1
1.6620090007781982,1
1.4920573234558105,1
0.6584678888320923,1
1.0431547164916992,1
0.9828492403030396,1
0.6688439846038818,1
1.0079673528671265,1
0.7331293821334839,1
2.40858793258667,1
0.7203475832939148,1
1.1983023881912231,1
1.9699790477752686,1
2.1751723289489746,1
1.1847243309020996,1
1.5805410146713257,1
0.7900237441062927,1
1.4099853038787842,1
0.37244081497192383,1
1.2535674571990967,1
1.7013204097747803,1
1.5166094303131104,1
0.18708442151546478,1
1.5385868549346924,1
1.5947962999343872,1
0.7768106460571289,1
2.066884994506836,1
1.7649685144424438,1
2.168729543685913,1
